# JRE version: Java(TM) SE Runtime Environment (8.0_91-b15) (build 1.8.0_91-b15)
# Java VM: Java HotSpot(TM) 64-Bit Server VM (25.91-b15 mixed mode windows-amd64 compressed oops)
Heap:
 PSYoungGen      total 894464K, used 364867K [0x000000076b200000, 0x00000007a4180000, 0x00000007c0000000)
  eden space 887296K, 40% used [0x000000076b200000,0x00000007814a0f80,0x00000007a1480000)
  from space 7168K, 24% used [0x00000007a1480000,0x00000007a1630000,0x00000007a1b80000)
  to   space 7168K, 0% used [0x00000007a3a80000,0x00000007a3a80000,0x00000007a4180000)
 ParOldGen       total 191488K, used 21282K [0x00000006c1600000, 0x00000006cd100000, 0x000000076b200000)
  object space 191488K, 11% used [0x00000006c1600000,0x00000006c2ac8908,0x00000006cd100000)
 Metaspace       used 48104K, capacity 49088K, committed 49152K, reserved 1093632K
  class space    used 5146K, capacity 5360K, committed 5376K, reserved 1048576K
GC Heap History (10 events):
Event: 20.924 GC heap before
{Heap before GC invocations=27 (full 2):
 PSYoungGen      total 821248K, used 816512K [0x000000076b200000, 0x000000079dd00000, 0x00000007c0000000)
  eden space 815104K, 100% used [0x000000076b200000,0x000000079ce00000,0x000000079ce00000)
  from space 6144K, 22% used [0x000000079d700000,0x000000079d860000,0x000000079dd00000)
  to   space 7680K, 0% used [0x000000079ce00000,0x000000079ce00000,0x000000079d580000)
 ParOldGen       total 191488K, used 20858K [0x00000006c1600000, 0x00000006cd100000, 0x000000076b200000)
  object space 191488K, 10% used [0x00000006c1600000,0x00000006c2a5e908,0x00000006cd100000)
 Metaspace       used 39773K, capacity 40386K, committed 40576K, reserved 1085440K
  class space    used 4305K, capacity 4447K, committed 4480K, reserved 1048576K
Event: 20.926 GC heap after
Heap after GC invocations=27 (full 2):
 PSYoungGen      total 822784K, used 1504K [0x000000076b200000, 0x00000007a0800000, 0x00000007c0000000)
  eden space 815104K, 0% used [0x000000076b200000,0x000000076b200000,0x000000079ce00000)
  from space 7680K, 19% used [0x000000079ce00000,0x000000079cf78000,0x000000079d580000)
  to   space 7680K, 0% used [0x00000007a0080000,0x00000007a0080000,0x00000007a0800000)
 ParOldGen       total 191488K, used 20962K [0x00000006c1600000, 0x00000006cd100000, 0x000000076b200000)
  object space 191488K, 10% used [0x00000006c1600000,0x00000006c2a78908,0x00000006cd100000)
 Metaspace       used 39773K, capacity 40386K, committed 40576K, reserved 1085440K
  class space    used 4305K, capacity 4447K, committed 4480K, reserved 1048576K
}
Event: 21.967 GC heap before
{Heap before GC invocations=28 (full 2):
 PSYoungGen      total 822784K, used 816608K [0x000000076b200000, 0x00000007a0800000, 0x00000007c0000000)
  eden space 815104K, 100% used [0x000000076b200000,0x000000079ce00000,0x000000079ce00000)
  from space 7680K, 19% used [0x000000079ce00000,0x000000079cf78000,0x000000079d580000)
  to   space 7680K, 0% used [0x00000007a0080000,0x00000007a0080000,0x00000007a0800000)
 ParOldGen       total 191488K, used 20962K [0x00000006c1600000, 0x00000006cd100000, 0x000000076b200000)
  object space 191488K, 10% used [0x00000006c1600000,0x00000006c2a78908,0x00000006cd100000)
 Metaspace       used 39786K, capacity 40392K, committed 40576K, reserved 1085440K
  class space    used 4305K, capacity 4448K, committed 4480K, reserved 1048576K
Event: 21.969 GC heap after
Heap after GC invocations=28 (full 2):
 PSYoungGen      total 856576K, used 1568K [0x000000076b200000, 0x00000007a0300000, 0x00000007c0000000)
  eden space 854016K, 0% used [0x000000076b200000,0x000000076b200000,0x000000079f400000)
  from space 2560K, 61% used [0x00000007a0080000,0x00000007a0208000,0x00000007a0300000)
  to   space 7680K, 0% used [0x000000079f400000,0x000000079f400000,0x000000079fb80000)
 ParOldGen       total 191488K, used 21050K [0x00000006c1600000, 0x00000006cd100000, 0x000000076b200000)
  object space 191488K, 10% used [0x00000006c1600000,0x00000006c2a8e908,0x00000006cd100000)
 Metaspace       used 39786K, capacity 40392K, committed 40576K, reserved 1085440K
  class space    used 4305K, capacity 4448K, committed 4480K, reserved 1048576K
}
Event: 23.085 GC heap before
{Heap before GC invocations=29 (full 2):
 PSYoungGen      total 856576K, used 855584K [0x000000076b200000, 0x00000007a0300000, 0x00000007c0000000)
  eden space 854016K, 100% used [0x000000076b200000,0x000000079f400000,0x000000079f400000)
  from space 2560K, 61% used [0x00000007a0080000,0x00000007a0208000,0x00000007a0300000)
  to   space 7680K, 0% used [0x000000079f400000,0x000000079f400000,0x000000079fb80000)
 ParOldGen       total 191488K, used 21050K [0x00000006c1600000, 0x00000006cd100000, 0x000000076b200000)
  object space 191488K, 10% used [0x00000006c1600000,0x00000006c2a8e908,0x00000006cd100000)
 Metaspace       used 39788K, capacity 40392K, committed 40576K, reserved 1085440K
  class space    used 4305K, capacity 4448K, committed 4480K, reserved 1048576K
Event: 23.087 GC heap after
Heap after GC invocations=29 (full 2):
 PSYoungGen      total 861696K, used 1568K [0x000000076b200000, 0x00000007a2700000, 0x00000007c0000000)
  eden space 854016K, 0% used [0x000000076b200000,0x000000076b200000,0x000000079f400000)
  from space 7680K, 20% used [0x000000079f400000,0x000000079f588000,0x000000079fb80000)
  to   space 7680K, 0% used [0x00000007a1f80000,0x00000007a1f80000,0x00000007a2700000)
 ParOldGen       total 191488K, used 21130K [0x00000006c1600000, 0x00000006cd100000, 0x000000076b200000)
  object space 191488K, 11% used [0x00000006c1600000,0x00000006c2aa2908,0x00000006cd100000)
 Metaspace       used 39788K, capacity 40392K, committed 40576K, reserved 1085440K
  class space    used 4305K, capacity 4448K, committed 4480K, reserved 1048576K
}
Event: 24.210 GC heap before
{Heap before GC invocations=30 (full 2):
 PSYoungGen      total 861696K, used 855584K [0x000000076b200000, 0x00000007a2700000, 0x00000007c0000000)
  eden space 854016K, 100% used [0x000000076b200000,0x000000079f400000,0x000000079f400000)
  from space 7680K, 20% used [0x000000079f400000,0x000000079f588000,0x000000079fb80000)
  to   space 7680K, 0% used [0x00000007a1f80000,0x00000007a1f80000,0x00000007a2700000)
 ParOldGen       total 191488K, used 21130K [0x00000006c1600000, 0x00000006cd100000, 0x000000076b200000)
  object space 191488K, 11% used [0x00000006c1600000,0x00000006c2aa2908,0x00000006cd100000)
 Metaspace       used 39808K, capacity 40392K, committed 40576K, reserved 1085440K
  class space    used 4305K, capacity 4448K, committed 4480K, reserved 1048576K
Event: 24.212 GC heap after
Heap after GC invocations=30 (full 2):
 PSYoungGen      total 890368K, used 1664K [0x000000076b200000, 0x00000007a2280000, 0x00000007c0000000)
  eden space 887296K, 0% used [0x000000076b200000,0x000000076b200000,0x00000007a1480000)
  from space 3072K, 54% used [0x00000007a1f80000,0x00000007a2120000,0x00000007a2280000)
  to   space 7168K, 0% used [0x00000007a1480000,0x00000007a1480000,0x00000007a1b80000)
 ParOldGen       total 191488K, used 21210K [0x00000006c1600000, 0x00000006cd100000, 0x000000076b200000)
  object space 191488K, 11% used [0x00000006c1600000,0x00000006c2ab6908,0x00000006cd100000)
 Metaspace       used 39808K, capacity 40392K, committed 40576K, reserved 1085440K
  class space    used 4305K, capacity 4448K, committed 4480K, reserved 1048576K
}
Event: 25.421 GC heap before
{Heap before GC invocations=31 (full 2):
 PSYoungGen      total 890368K, used 888960K [0x000000076b200000, 0x00000007a2280000, 0x00000007c0000000)
  eden space 887296K, 100% used [0x000000076b200000,0x00000007a1480000,0x00000007a1480000)
  from space 3072K, 54% used [0x00000007a1f80000,0x00000007a2120000,0x00000007a2280000)
  to   space 7168K, 0% used [0x00000007a1480000,0x00000007a1480000,0x00000007a1b80000)
 ParOldGen       total 191488K, used 21210K [0x00000006c1600000, 0x00000006cd100000, 0x000000076b200000)
  object space 191488K, 11% used [0x00000006c1600000,0x00000006c2ab6908,0x00000006cd100000)
 Metaspace       used 39969K, capacity 40584K, committed 40832K, reserved 1085440K
  class space    used 4305K, capacity 4448K, committed 4480K, reserved 1048576K
Event: 25.423 GC heap after
Heap after GC invocations=31 (full 2):
 PSYoungGen      total 894464K, used 1728K [0x000000076b200000, 0x00000007a4180000, 0x00000007c0000000)
  eden space 887296K, 0% used [0x000000076b200000,0x000000076b200000,0x00000007a1480000)
  from space 7168K, 24% used [0x00000007a1480000,0x00000007a1630000,0x00000007a1b80000)
  to   space 7168K, 0% used [0x00000007a3a80000,0x00000007a3a80000,0x00000007a4180000)
 ParOldGen       total 191488K, used 21282K [0x00000006c1600000, 0x00000006cd100000, 0x000000076b200000)
  object space 191488K, 11% used [0x00000006c1600000,0x00000006c2ac8908,0x00000006cd100000)
 Metaspace       used 39969K, capacity 40584K, committed 40832K, reserved 1085440K
  class space    used 4305K, capacity 4448K, committed 4480K, reserved 1048576K
}

