# JRE version: Java(TM) SE Runtime Environment (8.0_91-b15) (build 1.8.0_91-b15)
# Java VM: Java HotSpot(TM) 64-Bit Server VM (25.91-b15 mixed mode windows-amd64 compressed oops)
Heap:
 PSYoungGen      total 1380352K, used 773050K [0x000000076b200000, 0x00000007c0000000, 0x00000007c0000000)
  eden space 1371648K, 56% used [0x000000076b200000,0x000000079a03ea90,0x00000007bed80000)
  from space 8704K, 55% used [0x00000007bed80000,0x00000007bf230010,0x00000007bf600000)
  to   space 8704K, 0% used [0x00000007bf780000,0x00000007bf780000,0x00000007c0000000)
 ParOldGen       total 142336K, used 14638K [0x00000006c1600000, 0x00000006ca100000, 0x000000076b200000)
  object space 142336K, 10% used [0x00000006c1600000,0x00000006c244ba98,0x00000006ca100000)
 Metaspace       used 48296K, capacity 49294K, committed 49536K, reserved 1093632K
  class space    used 5182K, capacity 5405K, committed 5504K, reserved 1048576K
GC Heap History (10 events):
Event: 18.324 GC heap before
{Heap before GC invocations=19 (full 2):
 PSYoungGen      total 1187328K, used 1183968K [0x000000076b200000, 0x00000007b4780000, 0x00000007c0000000)
  eden space 1180160K, 100% used [0x000000076b200000,0x00000007b3280000,0x00000007b3280000)
  from space 7168K, 53% used [0x00000007b4080000,0x00000007b4438010,0x00000007b4780000)
  to   space 10752K, 0% used [0x00000007b3280000,0x00000007b3280000,0x00000007b3d00000)
 ParOldGen       total 142336K, used 14598K [0x00000006c1600000, 0x00000006ca100000, 0x000000076b200000)
  object space 142336K, 10% used [0x00000006c1600000,0x00000006c2441a98,0x00000006ca100000)
 Metaspace       used 39715K, capacity 40322K, committed 40576K, reserved 1085440K
  class space    used 4304K, capacity 4447K, committed 4480K, reserved 1048576K
Event: 18.328 GC heap after
Heap after GC invocations=19 (full 2):
 PSYoungGen      total 1190912K, used 4032K [0x000000076b200000, 0x00000007bc000000, 0x00000007c0000000)
  eden space 1180160K, 0% used [0x000000076b200000,0x000000076b200000,0x00000007b3280000)
  from space 10752K, 37% used [0x00000007b3280000,0x00000007b3670010,0x00000007b3d00000)
  to   space 10240K, 0% used [0x00000007bb600000,0x00000007bb600000,0x00000007bc000000)
 ParOldGen       total 142336K, used 14606K [0x00000006c1600000, 0x00000006ca100000, 0x000000076b200000)
  object space 142336K, 10% used [0x00000006c1600000,0x00000006c2443a98,0x00000006ca100000)
 Metaspace       used 39715K, capacity 40322K, committed 40576K, reserved 1085440K
  class space    used 4304K, capacity 4447K, committed 4480K, reserved 1048576K
}
Event: 19.872 GC heap before
{Heap before GC invocations=20 (full 2):
 PSYoungGen      total 1190912K, used 1184192K [0x000000076b200000, 0x00000007bc000000, 0x00000007c0000000)
  eden space 1180160K, 100% used [0x000000076b200000,0x00000007b3280000,0x00000007b3280000)
  from space 10752K, 37% used [0x00000007b3280000,0x00000007b3670010,0x00000007b3d00000)
  to   space 10240K, 0% used [0x00000007bb600000,0x00000007bb600000,0x00000007bc000000)
 ParOldGen       total 142336K, used 14606K [0x00000006c1600000, 0x00000006ca100000, 0x000000076b200000)
  object space 142336K, 10% used [0x00000006c1600000,0x00000006c2443a98,0x00000006ca100000)
 Metaspace       used 39753K, capacity 40386K, committed 40576K, reserved 1085440K
  class space    used 4304K, capacity 4447K, committed 4480K, reserved 1048576K
Event: 19.876 GC heap after
Heap after GC invocations=20 (full 2):
 PSYoungGen      total 1298432K, used 4192K [0x000000076b200000, 0x00000007bba80000, 0x00000007c0000000)
  eden space 1293824K, 0% used [0x000000076b200000,0x000000076b200000,0x00000007ba180000)
  from space 4608K, 90% used [0x00000007bb600000,0x00000007bba18010,0x00000007bba80000)
  to   space 9728K, 0% used [0x00000007ba780000,0x00000007ba780000,0x00000007bb100000)
 ParOldGen       total 142336K, used 14614K [0x00000006c1600000, 0x00000006ca100000, 0x000000076b200000)
  object space 142336K, 10% used [0x00000006c1600000,0x00000006c2445a98,0x00000006ca100000)
 Metaspace       used 39753K, capacity 40386K, committed 40576K, reserved 1085440K
  class space    used 4304K, capacity 4447K, committed 4480K, reserved 1048576K
}
Event: 21.619 GC heap before
{Heap before GC invocations=21 (full 2):
 PSYoungGen      total 1298432K, used 1298016K [0x000000076b200000, 0x00000007bba80000, 0x00000007c0000000)
  eden space 1293824K, 100% used [0x000000076b200000,0x00000007ba180000,0x00000007ba180000)
  from space 4608K, 90% used [0x00000007bb600000,0x00000007bba18010,0x00000007bba80000)
  to   space 9728K, 0% used [0x00000007ba780000,0x00000007ba780000,0x00000007bb100000)
 ParOldGen       total 142336K, used 14614K [0x00000006c1600000, 0x00000006ca100000, 0x000000076b200000)
  object space 142336K, 10% used [0x00000006c1600000,0x00000006c2445a98,0x00000006ca100000)
 Metaspace       used 39814K, capacity 40450K, committed 40576K, reserved 1085440K
  class space    used 4304K, capacity 4447K, committed 4480K, reserved 1048576K
Event: 21.623 GC heap after
Heap after GC invocations=21 (full 2):
 PSYoungGen      total 1309696K, used 4480K [0x000000076b200000, 0x00000007c0000000, 0x00000007c0000000)
  eden space 1299968K, 0% used [0x000000076b200000,0x000000076b200000,0x00000007ba780000)
  from space 9728K, 46% used [0x00000007ba780000,0x00000007babe0010,0x00000007bb100000)
  to   space 9216K, 0% used [0x00000007bf700000,0x00000007bf700000,0x00000007c0000000)
 ParOldGen       total 142336K, used 14622K [0x00000006c1600000, 0x00000006ca100000, 0x000000076b200000)
  object space 142336K, 10% used [0x00000006c1600000,0x00000006c2447a98,0x00000006ca100000)
 Metaspace       used 39814K, capacity 40450K, committed 40576K, reserved 1085440K
  class space    used 4304K, capacity 4447K, committed 4480K, reserved 1048576K
}
Event: 23.300 GC heap before
{Heap before GC invocations=22 (full 2):
 PSYoungGen      total 1309696K, used 1304448K [0x000000076b200000, 0x00000007c0000000, 0x00000007c0000000)
  eden space 1299968K, 100% used [0x000000076b200000,0x00000007ba780000,0x00000007ba780000)
  from space 9728K, 46% used [0x00000007ba780000,0x00000007babe0010,0x00000007bb100000)
  to   space 9216K, 0% used [0x00000007bf700000,0x00000007bf700000,0x00000007c0000000)
 ParOldGen       total 142336K, used 14622K [0x00000006c1600000, 0x00000006ca100000, 0x000000076b200000)
  object space 142336K, 10% used [0x00000006c1600000,0x00000006c2447a98,0x00000006ca100000)
 Metaspace       used 39836K, capacity 40456K, committed 40576K, reserved 1085440K
  class space    used 4305K, capacity 4448K, committed 4480K, reserved 1048576K
Event: 23.304 GC heap after
Heap after GC invocations=22 (full 2):
 PSYoungGen      total 1379328K, used 4576K [0x000000076b200000, 0x00000007bfe80000, 0x00000007c0000000)
  eden space 1371648K, 0% used [0x000000076b200000,0x000000076b200000,0x00000007bed80000)
  from space 7680K, 59% used [0x00000007bf700000,0x00000007bfb78010,0x00000007bfe80000)
  to   space 8704K, 0% used [0x00000007bed80000,0x00000007bed80000,0x00000007bf600000)
 ParOldGen       total 142336K, used 14630K [0x00000006c1600000, 0x00000006ca100000, 0x000000076b200000)
  object space 142336K, 10% used [0x00000006c1600000,0x00000006c2449a98,0x00000006ca100000)
 Metaspace       used 39836K, capacity 40456K, committed 40576K, reserved 1085440K
  class space    used 4305K, capacity 4448K, committed 4480K, reserved 1048576K
}
Event: 25.143 GC heap before
{Heap before GC invocations=23 (full 2):
 PSYoungGen      total 1379328K, used 1376224K [0x000000076b200000, 0x00000007bfe80000, 0x00000007c0000000)
  eden space 1371648K, 100% used [0x000000076b200000,0x00000007bed80000,0x00000007bed80000)
  from space 7680K, 59% used [0x00000007bf700000,0x00000007bfb78010,0x00000007bfe80000)
  to   space 8704K, 0% used [0x00000007bed80000,0x00000007bed80000,0x00000007bf600000)
 ParOldGen       total 142336K, used 14630K [0x00000006c1600000, 0x00000006ca100000, 0x000000076b200000)
  object space 142336K, 10% used [0x00000006c1600000,0x00000006c2449a98,0x00000006ca100000)
 Metaspace       used 39994K, capacity 40584K, committed 40832K, reserved 1085440K
  class space    used 4305K, capacity 4448K, committed 4480K, reserved 1048576K
Event: 25.148 GC heap after
Heap after GC invocations=23 (full 2):
 PSYoungGen      total 1380352K, used 4800K [0x000000076b200000, 0x00000007c0000000, 0x00000007c0000000)
  eden space 1371648K, 0% used [0x000000076b200000,0x000000076b200000,0x00000007bed80000)
  from space 8704K, 55% used [0x00000007bed80000,0x00000007bf230010,0x00000007bf600000)
  to   space 8704K, 0% used [0x00000007bf780000,0x00000007bf780000,0x00000007c0000000)
 ParOldGen       total 142336K, used 14638K [0x00000006c1600000, 0x00000006ca100000, 0x000000076b200000)
  object space 142336K, 10% used [0x00000006c1600000,0x00000006c244ba98,0x00000006ca100000)
 Metaspace       used 39994K, capacity 40584K, committed 40832K, reserved 1085440K
  class space    used 4305K, capacity 4448K, committed 4480K, reserved 1048576K
}

